<?xml version="1.0" encoding="utf-8"?>
<test-run id="2" testcasecount="30" result="Failed(Child)" total="30" passed="29" failed="1" inconclusive="0" skipped="0" asserts="0" engine-version="3.5.0.0" clr-version="4.0.30319.42000" start-time="2026-09-11 18:20:04Z" end-time="2026-09-11 18:20:05Z" duration="0.4164511">
  <test-suite type="TestSuite" id="1042" name="求职demo" fullname="求职demo" runstate="Runnable" testcasecount="30" result="Failed" site="Child" start-time="2026-09-11 18:20:04Z" end-time="2026-09-11 18:20:05Z" duration="0.416451" total="30" passed="29" failed="1" inconclusive="0" skipped="0" asserts="0">
    <properties />
    <failure>
      <message><![CDATA[One or more child tests had errors]]></message>
    </failure>
    <test-suite type="Assembly" id="1077" name="Demo.Tests.EditMode.dll" fullname="E:/unity/求职demo/Library/ScriptAssemblies/Demo.Tests.EditMode.dll" runstate="Runnable" testcasecount="30" result="Failed" site="Child" start-time="2026-09-11 18:20:04Z" end-time="2026-09-11 18:20:05Z" duration="0.397973" total="30" passed="29" failed="1" inconclusive="0" skipped="0" asserts="0">
      <properties>
        <property name="_PID" value="85464" />
        <property name="_APPDOMAIN" value="Unity Child Domain" />
        <property name="platform" value="EditMode" />
      </properties>
      <failure>
        <message><![CDATA[One or more child tests had errors]]></message>
      </failure>
      <test-suite type="TestSuite" id="1078" name="Demo" fullname="Demo" runstate="Runnable" testcasecount="30" result="Failed" site="Child" start-time="2026-09-11 18:20:04Z" end-time="2026-09-11 18:20:05Z" duration="0.397252" total="30" passed="29" failed="1" inconclusive="0" skipped="0" asserts="0">
        <properties />
        <failure>
          <message><![CDATA[One or more child tests had errors]]></message>
        </failure>
        <test-suite type="TestSuite" id="1079" name="Tests" fullname="Demo.Tests" runstate="Runnable" testcasecount="30" result="Failed" site="Child" start-time="2026-09-11 18:20:04Z" end-time="2026-09-11 18:20:05Z" duration="0.393680" total="30" passed="29" failed="1" inconclusive="0" skipped="0" asserts="0">
          <properties />
          <failure>
            <message><![CDATA[One or more child tests had errors]]></message>
          </failure>
          <test-suite type="TestFixture" id="1043" name="AnimationClipLocatorTests" fullname="Demo.Tests.AnimationClipLocatorTests" classname="Demo.Tests.AnimationClipLocatorTests" runstate="Runnable" testcasecount="9" result="Passed" start-time="2026-09-11 18:20:04Z" end-time="2026-09-11 18:20:05Z" duration="0.067527" total="9" passed="9" failed="0" inconclusive="0" skipped="0" asserts="0">
            <properties />
            <test-case id="1044" name="InPlace路径_指向InPlace目录" fullname="Demo.Tests.AnimationClipLocatorTests.InPlace路径_指向InPlace目录" methodname="InPlace路径_指向InPlace目录" classname="Demo.Tests.AnimationClipLocatorTests" runstate="Runnable" seed="703575862" result="Passed" start-time="2026-09-11 18:20:04Z" end-time="2026-09-11 18:20:04Z" duration="0.007732" asserts="0">
              <properties />
            </test-case>
            <test-case id="1045" name="RootMotion路径_指向RootMotion目录" fullname="Demo.Tests.AnimationClipLocatorTests.RootMotion路径_指向RootMotion目录" methodname="RootMotion路径_指向RootMotion目录" classname="Demo.Tests.AnimationClipLocatorTests" runstate="Runnable" seed="792107767" result="Passed" start-time="2026-09-11 18:20:04Z" end-time="2026-09-11 18:20:04Z" duration="0.000226" asserts="0">
              <properties />
            </test-case>
            <test-case id="1049" name="StanceRoot路径_指向架势根目录" fullname="Demo.Tests.AnimationClipLocatorTests.StanceRoot路径_指向架势根目录" methodname="StanceRoot路径_指向架势根目录" classname="Demo.Tests.AnimationClipLocatorTests" runstate="Runnable" seed="2138477658" result="Passed" start-time="2026-09-11 18:20:04Z" end-time="2026-09-11 18:20:04Z" duration="0.001758" asserts="0">
              <properties />
            </test-case>
            <test-case id="1051" name="不存在的剪辑_回退也不会误命中" fullname="Demo.Tests.AnimationClipLocatorTests.不存在的剪辑_回退也不会误命中" methodname="不存在的剪辑_回退也不会误命中" classname="Demo.Tests.AnimationClipLocatorTests" runstate="Runnable" seed="1657750586" result="Passed" start-time="2026-09-11 18:20:04Z" end-time="2026-09-11 18:20:04Z" duration="0.000830" asserts="0">
              <properties />
            </test-case>
            <test-case id="1046" name="加载InPlace剪辑_返回非空且名称匹配" fullname="Demo.Tests.AnimationClipLocatorTests.加载InPlace剪辑_返回非空且名称匹配" methodname="加载InPlace剪辑_返回非空且名称匹配" classname="Demo.Tests.AnimationClipLocatorTests" runstate="Runnable" seed="2105326117" result="Passed" start-time="2026-09-11 18:20:04Z" end-time="2026-09-11 18:20:04Z" duration="0.004053" asserts="0">
              <properties />
            </test-case>
            <test-case id="1047" name="加载RootMotion剪辑_返回非空" fullname="Demo.Tests.AnimationClipLocatorTests.加载RootMotion剪辑_返回非空" methodname="加载RootMotion剪辑_返回非空" classname="Demo.Tests.AnimationClipLocatorTests" runstate="Runnable" seed="1831540082" result="Passed" start-time="2026-09-11 18:20:04Z" end-time="2026-09-11 18:20:05Z" duration="0.016107" asserts="0">
              <properties />
            </test-case>
            <test-case id="1048" name="加载不存在的剪辑_返回null而非抛异常" fullname="Demo.Tests.AnimationClipLocatorTests.加载不存在的剪辑_返回null而非抛异常" methodname="加载不存在的剪辑_返回null而非抛异常" classname="Demo.Tests.AnimationClipLocatorTests" runstate="Runnable" seed="2054929755" result="Passed" start-time="2026-09-11 18:20:05Z" end-time="2026-09-11 18:20:05Z" duration="0.000234" asserts="0">
              <properties />
            </test-case>
            <test-case id="1050" name="加载只在架势根目录的动作剪辑_回退后返回非空且名称匹配" fullname="Demo.Tests.AnimationClipLocatorTests.加载只在架势根目录的动作剪辑_回退后返回非空且名称匹配" methodname="加载只在架势根目录的动作剪辑_回退后返回非空且名称匹配" classname="Demo.Tests.AnimationClipLocatorTests" runstate="Runnable" seed="897997193" result="Passed" start-time="2026-09-11 18:20:05Z" end-time="2026-09-11 18:20:05Z" duration="0.002578" asserts="0">
              <properties />
            </test-case>
            <test-case id="1052" name="同名的InPlace与RootMotion剪辑_是两个不同对象" fullname="Demo.Tests.AnimationClipLocatorTests.同名的InPlace与RootMotion剪辑_是两个不同对象" methodname="同名的InPlace与RootMotion剪辑_是两个不同对象" classname="Demo.Tests.AnimationClipLocatorTests" runstate="Runnable" seed="991196207" result="Passed" start-time="2026-09-11 18:20:05Z" end-time="2026-09-11 18:20:05Z" duration="0.018546" asserts="0">
              <properties />
            </test-case>
          </test-suite>
          <test-suite type="TestFixture" id="1053" name="AnimatorParamsTests" fullname="Demo.Tests.AnimatorParamsTests" classname="Demo.Tests.AnimatorParamsTests" runstate="Runnable" testcasecount="5" result="Passed" start-time="2026-09-11 18:20:05Z" end-time="2026-09-11 18:20:05Z" duration="0.008951" total="5" passed="5" failed="0" inconclusive="0" skipped="0" asserts="0">
            <properties />
            <test-case id="1055" name="参数名_无重复" fullname="Demo.Tests.AnimatorParamsTests.参数名_无重复" methodname="参数名_无重复" classname="Demo.Tests.AnimatorParamsTests" runstate="Runnable" seed="713794565" result="Passed" start-time="2026-09-11 18:20:05Z" end-time="2026-09-11 18:20:05Z" duration="0.003734" asserts="0">
              <properties />
            </test-case>
            <test-case id="1058" name="状态名_不含重复的IdleBattle副本" fullname="Demo.Tests.AnimatorParamsTests.状态名_不含重复的IdleBattle副本" methodname="状态名_不含重复的IdleBattle副本" classname="Demo.Tests.AnimatorParamsTests" runstate="Runnable" seed="107571049" result="Passed" start-time="2026-09-11 18:20:05Z" end-time="2026-09-11 18:20:05Z" duration="0.001839" asserts="0">
              <properties />
            </test-case>
            <test-case id="1057" name="状态名_已修正拼写错误" fullname="Demo.Tests.AnimatorParamsTests.状态名_已修正拼写错误" methodname="状态名_已修正拼写错误" classname="Demo.Tests.AnimatorParamsTests" runstate="Runnable" seed="508272504" result="Passed" start-time="2026-09-11 18:20:05Z" end-time="2026-09-11 18:20:05Z" duration="0.001142" asserts="0">
              <properties />
            </test-case>
            <test-case id="1056" name="状态名_恰好三十九个且无重复" fullname="Demo.Tests.AnimatorParamsTests.状态名_恰好三十九个且无重复" methodname="状态名_恰好三十九个且无重复" classname="Demo.Tests.AnimatorParamsTests" runstate="Runnable" seed="1166071483" result="Passed" start-time="2026-09-11 18:20:05Z" end-time="2026-09-11 18:20:05Z" duration="0.000507" asserts="0">
              <properties />
            </test-case>
            <test-case id="1054" name="组名_恰好六个且无重复" fullname="Demo.Tests.AnimatorParamsTests.组名_恰好六个且无重复" methodname="组名_恰好六个且无重复" classname="Demo.Tests.AnimatorParamsTests" runstate="Runnable" seed="1416317318" result="Passed" start-time="2026-09-11 18:20:05Z" end-time="2026-09-11 18:20:05Z" duration="0.000250" asserts="0">
              <properties />
            </test-case>
          </test-suite>
          <test-suite type="TestFixture" id="1059" name="AssemblySmokeTests" fullname="Demo.Tests.AssemblySmokeTests" classname="Demo.Tests.AssemblySmokeTests" runstate="Runnable" testcasecount="2" result="Passed" start-time="2026-09-11 18:20:05Z" end-time="2026-09-11 18:20:05Z" duration="0.001257" total="2" passed="2" failed="0" inconclusive="0" skipped="0" asserts="0">
            <properties />
            <test-case id="1060" name="测试程序集_已正确装配" fullname="Demo.Tests.AssemblySmokeTests.测试程序集_已正确装配" methodname="测试程序集_已正确装配" classname="Demo.Tests.AssemblySmokeTests" runstate="Runnable" seed="1029589560" result="Passed" start-time="2026-09-11 18:20:05Z" end-time="2026-09-11 18:20:05Z" duration="0.000402" asserts="0">
              <properties />
            </test-case>
            <test-case id="1061" name="编辑器程序集_可被测试程序集引用" fullname="Demo.Tests.AssemblySmokeTests.编辑器程序集_可被测试程序集引用" methodname="编辑器程序集_可被测试程序集引用" classname="Demo.Tests.AssemblySmokeTests" runstate="Runnable" seed="2026487218" result="Passed" start-time="2026-09-11 18:20:05Z" end-time="2026-09-11 18:20:05Z" duration="0.000153" asserts="0">
              <properties />
            </test-case>
          </test-suite>
          <test-suite type="TestFixture" id="1062" name="HeroAnimatorBuilderTests" fullname="Demo.Tests.HeroAnimatorBuilderTests" classname="Demo.Tests.HeroAnimatorBuilderTests" runstate="Runnable" testcasecount="14" result="Failed" site="Child" start-time="2026-09-11 18:20:05Z" end-time="2026-09-11 18:20:05Z" duration="0.310628" total="14" passed="13" failed="1" inconclusive="0" skipped="0" asserts="0">
            <properties />
            <failure>
              <message><![CDATA[One or more child tests had errors]]></message>
            </failure>
            <output><![CDATA[Importer(NativeFormatImporter) generated inconsistent result for asset(guid:c372bae72ba756c40b30bf3d6399b78e) "Assets/Animator/Hero_SwordAndShield.controller"
]]></output>
            <test-case id="1071" name="Locomotion组_含三个混合树" fullname="Demo.Tests.HeroAnimatorBuilderTests.Locomotion组_含三个混合树" methodname="Locomotion组_含三个混合树" classname="Demo.Tests.HeroAnimatorBuilderTests" runstate="Runnable" seed="548910969" result="Passed" start-time="2026-09-11 18:20:05Z" end-time="2026-09-11 18:20:05Z" duration="0.003223" asserts="0">
              <properties />
            </test-case>
            <test-case id="1070" name="Locomotion组_含两个待机状态" fullname="Demo.Tests.HeroAnimatorBuilderTests.Locomotion组_含两个待机状态" methodname="Locomotion组_含两个待机状态" classname="Demo.Tests.HeroAnimatorBuilderTests" runstate="Runnable" seed="562732764" result="Passed" start-time="2026-09-11 18:20:05Z" end-time="2026-09-11 18:20:05Z" duration="0.000947" asserts="0">
              <properties />
            </test-case>
            <test-case id="1065" name="六个子状态机全部存在" fullname="Demo.Tests.HeroAnimatorBuilderTests.六个子状态机全部存在" methodname="六个子状态机全部存在" classname="Demo.Tests.HeroAnimatorBuilderTests" runstate="Runnable" seed="2138535895" result="Passed" start-time="2026-09-11 18:20:05Z" end-time="2026-09-11 18:20:05Z" duration="0.001229" asserts="0">
              <properties />
            </test-case>
            <test-case id="1064" name="参数齐全且类型正确" fullname="Demo.Tests.HeroAnimatorBuilderTests.参数齐全且类型正确" methodname="参数齐全且类型正确" classname="Demo.Tests.HeroAnimatorBuilderTests" runstate="Runnable" seed="143331368" result="Passed" start-time="2026-09-11 18:20:05Z" end-time="2026-09-11 18:20:05Z" duration="0.002129" asserts="0">
              <properties />
            </test-case>
            <test-case id="1075" name="待机与锁定切换由IsLockedOn驱动" fullname="Demo.Tests.HeroAnimatorBuilderTests.待机与锁定切换由IsLockedOn驱动" methodname="待机与锁定切换由IsLockedOn驱动" classname="Demo.Tests.HeroAnimatorBuilderTests" runstate="Runnable" seed="2059238170" result="Passed" start-time="2026-09-11 18:20:05Z" end-time="2026-09-11 18:20:05Z" duration="0.000353" asserts="0">
              <properties />
            </test-case>
            <test-case id="1067" name="根状态机上没有游离状态" fullname="Demo.Tests.HeroAnimatorBuilderTests.根状态机上没有游离状态" methodname="根状态机上没有游离状态" classname="Demo.Tests.HeroAnimatorBuilderTests" runstate="Runnable" seed="427256057" result="Passed" start-time="2026-09-11 18:20:05Z" end-time="2026-09-11 18:20:05Z" duration="0.000214" asserts="0">
              <properties />
            </test-case>
            <test-case id="1076" name="根状态机的入口指向Locomotion" fullname="Demo.Tests.HeroAnimatorBuilderTests.根状态机的入口指向Locomotion" methodname="根状态机的入口指向Locomotion" classname="Demo.Tests.HeroAnimatorBuilderTests" runstate="Runnable" seed="324012966" result="Passed" start-time="2026-09-11 18:20:05Z" end-time="2026-09-11 18:20:05Z" duration="0.000553" asserts="0">
              <properties />
            </test-case>
            <test-case id="1066" name="每个状态都被归入某个子状态机" fullname="Demo.Tests.HeroAnimatorBuilderTests.每个状态都被归入某个子状态机" methodname="每个状态都被归入某个子状态机" classname="Demo.Tests.HeroAnimatorBuilderTests" runstate="Runnable" seed="1970837273" result="Failed" start-time="2026-09-11 18:20:05Z" end-time="2026-09-11 18:20:05Z" duration="0.007967" asserts="0">
              <properties />
              <failure>
                <message><![CDATA[  状态 Attack01 没有被放进任何子状态机
  Expected: True
  But was:  False
]]></message>
                <stack-trace><![CDATA[at Demo.Tests.HeroAnimatorBuilderTests.每个状态都被归入某个子状态机 () [0x00072] in E:\unity\求职demo\Assets\Tests\EditMode\HeroAnimatorBuilderTests.cs:96
]]></stack-trace>
              </failure>
            </test-case>
            <test-case id="1068" name="没有重复状态名" fullname="Demo.Tests.HeroAnimatorBuilderTests.没有重复状态名" methodname="没有重复状态名" classname="Demo.Tests.HeroAnimatorBuilderTests" runstate="Runnable" seed="1344390748" result="Passed" start-time="2026-09-11 18:20:05Z" end-time="2026-09-11 18:20:05Z" duration="0.001119" asserts="0">
              <properties />
            </test-case>
            <test-case id="1069" name="状态名已修正拼写错误" fullname="Demo.Tests.HeroAnimatorBuilderTests.状态名已修正拼写错误" methodname="状态名已修正拼写错误" classname="Demo.Tests.HeroAnimatorBuilderTests" runstate="Runnable" seed="1452756793" result="Passed" start-time="2026-09-11 18:20:05Z" end-time="2026-09-11 18:20:05Z" duration="0.000265" asserts="0">
              <properties />
            </test-case>
            <test-case id="1063" name="生成了控制器资源" fullname="Demo.Tests.HeroAnimatorBuilderTests.生成了控制器资源" methodname="生成了控制器资源" classname="Demo.Tests.HeroAnimatorBuilderTests" runstate="Runnable" seed="796744670" result="Passed" start-time="2026-09-11 18:20:05Z" end-time="2026-09-11 18:20:05Z" duration="0.000294" asserts="0">
              <properties />
            </test-case>
            <test-case id="1072" name="自由姿态混合树_是一维且用Speed参数" fullname="Demo.Tests.HeroAnimatorBuilderTests.自由姿态混合树_是一维且用Speed参数" methodname="自由姿态混合树_是一维且用Speed参数" classname="Demo.Tests.HeroAnimatorBuilderTests" runstate="Runnable" seed="912954544" result="Passed" start-time="2026-09-11 18:20:05Z" end-time="2026-09-11 18:20:05Z" duration="0.000597" asserts="0">
              <properties />
            </test-case>
            <test-case id="1074" name="锁定混合树_含中心待机与四个方向" fullname="Demo.Tests.HeroAnimatorBuilderTests.锁定混合树_含中心待机与四个方向" methodname="锁定混合树_含中心待机与四个方向" classname="Demo.Tests.HeroAnimatorBuilderTests" runstate="Runnable" seed="1726370081" result="Passed" start-time="2026-09-11 18:20:05Z" end-time="2026-09-11 18:20:05Z" duration="0.000210" asserts="0">
              <properties />
            </test-case>
            <test-case id="1073" name="锁定混合树_是二维且用方向参数" fullname="Demo.Tests.HeroAnimatorBuilderTests.锁定混合树_是二维且用方向参数" methodname="锁定混合树_是二维且用方向参数" classname="Demo.Tests.HeroAnimatorBuilderTests" runstate="Runnable" seed="2051501901" result="Passed" start-time="2026-09-11 18:20:05Z" end-time="2026-09-11 18:20:05Z" duration="0.000281" asserts="0">
              <properties />
            </test-case>
          </test-suite>
        </test-suite>
      </test-suite>
    </test-suite>
  </test-suite>
</test-run>