<?xml version="1.0" encoding="utf-8"?>
<test-run id="2" testcasecount="20" result="Failed(Child)" total="20" passed="19" failed="1" inconclusive="0" skipped="0" asserts="0" engine-version="3.5.0.0" clr-version="4.0.30319.42000" start-time="2026-09-11 17:39:31Z" end-time="2026-09-11 17:39:31Z" duration="0.418518">
  <test-suite type="TestSuite" id="1032" name="求职demo" fullname="求职demo" runstate="Runnable" testcasecount="20" result="Failed" site="Child" start-time="2026-09-11 17:39:31Z" end-time="2026-09-11 17:39:31Z" duration="0.418518" total="20" passed="19" failed="1" inconclusive="0" skipped="0" asserts="0">
    <properties />
    <failure>
      <message><![CDATA[One or more child tests had errors]]></message>
    </failure>
    <test-suite type="Assembly" id="1057" name="Demo.Tests.EditMode.dll" fullname="E:/unity/求职demo/Library/ScriptAssemblies/Demo.Tests.EditMode.dll" runstate="Runnable" testcasecount="20" result="Failed" site="Child" start-time="2026-09-11 17:39:31Z" end-time="2026-09-11 17:39:31Z" duration="0.400354" total="20" passed="19" failed="1" inconclusive="0" skipped="0" asserts="0">
      <properties>
        <property name="_PID" value="79424" />
        <property name="_APPDOMAIN" value="Unity Child Domain" />
        <property name="platform" value="EditMode" />
      </properties>
      <failure>
        <message><![CDATA[One or more child tests had errors]]></message>
      </failure>
      <test-suite type="TestSuite" id="1058" name="Demo" fullname="Demo" runstate="Runnable" testcasecount="20" result="Failed" site="Child" start-time="2026-09-11 17:39:31Z" end-time="2026-09-11 17:39:31Z" duration="0.399693" total="20" passed="19" failed="1" inconclusive="0" skipped="0" asserts="0">
        <properties />
        <failure>
          <message><![CDATA[One or more child tests had errors]]></message>
        </failure>
        <test-suite type="TestSuite" id="1059" name="Tests" fullname="Demo.Tests" runstate="Runnable" testcasecount="20" result="Failed" site="Child" start-time="2026-09-11 17:39:31Z" end-time="2026-09-11 17:39:31Z" duration="0.396365" total="20" passed="19" failed="1" inconclusive="0" skipped="0" asserts="0">
          <properties />
          <failure>
            <message><![CDATA[One or more child tests had errors]]></message>
          </failure>
          <test-suite type="TestFixture" id="1033" name="AnimationClipLocatorTests" fullname="Demo.Tests.AnimationClipLocatorTests" classname="Demo.Tests.AnimationClipLocatorTests" runstate="Runnable" testcasecount="6" result="Passed" start-time="2026-09-11 17:39:31Z" end-time="2026-09-11 17:39:31Z" duration="0.035816" total="6" passed="6" failed="0" inconclusive="0" skipped="0" asserts="0">
            <properties />
            <test-case id="1034" name="InPlace路径_指向InPlace目录" fullname="Demo.Tests.AnimationClipLocatorTests.InPlace路径_指向InPlace目录" methodname="InPlace路径_指向InPlace目录" classname="Demo.Tests.AnimationClipLocatorTests" runstate="Runnable" seed="1315509531" result="Passed" start-time="2026-09-11 17:39:31Z" end-time="2026-09-11 17:39:31Z" duration="0.008404" asserts="0">
              <properties />
            </test-case>
            <test-case id="1035" name="RootMotion路径_指向RootMotion目录" fullname="Demo.Tests.AnimationClipLocatorTests.RootMotion路径_指向RootMotion目录" methodname="RootMotion路径_指向RootMotion目录" classname="Demo.Tests.AnimationClipLocatorTests" runstate="Runnable" seed="1959733378" result="Passed" start-time="2026-09-11 17:39:31Z" end-time="2026-09-11 17:39:31Z" duration="0.000250" asserts="0">
              <properties />
            </test-case>
            <test-case id="1036" name="加载InPlace剪辑_返回非空且名称匹配" fullname="Demo.Tests.AnimationClipLocatorTests.加载InPlace剪辑_返回非空且名称匹配" methodname="加载InPlace剪辑_返回非空且名称匹配" classname="Demo.Tests.AnimationClipLocatorTests" runstate="Runnable" seed="546260573" result="Passed" start-time="2026-09-11 17:39:31Z" end-time="2026-09-11 17:39:31Z" duration="0.006203" asserts="0">
              <properties />
            </test-case>
            <test-case id="1037" name="加载RootMotion剪辑_返回非空" fullname="Demo.Tests.AnimationClipLocatorTests.加载RootMotion剪辑_返回非空" methodname="加载RootMotion剪辑_返回非空" classname="Demo.Tests.AnimationClipLocatorTests" runstate="Runnable" seed="1396767168" result="Passed" start-time="2026-09-11 17:39:31Z" end-time="2026-09-11 17:39:31Z" duration="0.002549" asserts="0">
              <properties />
            </test-case>
            <test-case id="1038" name="加载不存在的剪辑_返回null而非抛异常" fullname="Demo.Tests.AnimationClipLocatorTests.加载不存在的剪辑_返回null而非抛异常" methodname="加载不存在的剪辑_返回null而非抛异常" classname="Demo.Tests.AnimationClipLocatorTests" runstate="Runnable" seed="1242392893" result="Passed" start-time="2026-09-11 17:39:31Z" end-time="2026-09-11 17:39:31Z" duration="0.000270" asserts="0">
              <properties />
            </test-case>
            <test-case id="1039" name="同名的InPlace与RootMotion剪辑_是两个不同对象" fullname="Demo.Tests.AnimationClipLocatorTests.同名的InPlace与RootMotion剪辑_是两个不同对象" methodname="同名的InPlace与RootMotion剪辑_是两个不同对象" classname="Demo.Tests.AnimationClipLocatorTests" runstate="Runnable" seed="1969774652" result="Passed" start-time="2026-09-11 17:39:31Z" end-time="2026-09-11 17:39:31Z" duration="0.002618" asserts="0">
              <properties />
            </test-case>
          </test-suite>
          <test-suite type="TestFixture" id="1040" name="AnimatorParamsTests" fullname="Demo.Tests.AnimatorParamsTests" classname="Demo.Tests.AnimatorParamsTests" runstate="Runnable" testcasecount="5" result="Passed" start-time="2026-09-11 17:39:31Z" end-time="2026-09-11 17:39:31Z" duration="0.009746" total="5" passed="5" failed="0" inconclusive="0" skipped="0" asserts="0">
            <properties />
            <test-case id="1042" name="参数名_无重复" fullname="Demo.Tests.AnimatorParamsTests.参数名_无重复" methodname="参数名_无重复" classname="Demo.Tests.AnimatorParamsTests" runstate="Runnable" seed="1322790401" result="Passed" start-time="2026-09-11 17:39:31Z" end-time="2026-09-11 17:39:31Z" duration="0.003873" asserts="0">
              <properties />
            </test-case>
            <test-case id="1045" name="状态名_不含重复的IdleBattle副本" fullname="Demo.Tests.AnimatorParamsTests.状态名_不含重复的IdleBattle副本" methodname="状态名_不含重复的IdleBattle副本" classname="Demo.Tests.AnimatorParamsTests" runstate="Runnable" seed="1487581978" result="Passed" start-time="2026-09-11 17:39:31Z" end-time="2026-09-11 17:39:31Z" duration="0.002052" asserts="0">
              <properties />
            </test-case>
            <test-case id="1044" name="状态名_已修正拼写错误" fullname="Demo.Tests.AnimatorParamsTests.状态名_已修正拼写错误" methodname="状态名_已修正拼写错误" classname="Demo.Tests.AnimatorParamsTests" runstate="Runnable" seed="124571990" result="Passed" start-time="2026-09-11 17:39:31Z" end-time="2026-09-11 17:39:31Z" duration="0.001389" asserts="0">
              <properties />
            </test-case>
            <test-case id="1043" name="状态名_恰好三十九个且无重复" fullname="Demo.Tests.AnimatorParamsTests.状态名_恰好三十九个且无重复" methodname="状态名_恰好三十九个且无重复" classname="Demo.Tests.AnimatorParamsTests" runstate="Runnable" seed="414547259" result="Passed" start-time="2026-09-11 17:39:31Z" end-time="2026-09-11 17:39:31Z" duration="0.000558" asserts="0">
              <properties />
            </test-case>
            <test-case id="1041" name="组名_恰好六个且无重复" fullname="Demo.Tests.AnimatorParamsTests.组名_恰好六个且无重复" methodname="组名_恰好六个且无重复" classname="Demo.Tests.AnimatorParamsTests" runstate="Runnable" seed="2039648820" result="Passed" start-time="2026-09-11 17:39:31Z" end-time="2026-09-11 17:39:31Z" duration="0.000220" asserts="0">
              <properties />
            </test-case>
          </test-suite>
          <test-suite type="TestFixture" id="1046" name="AssemblySmokeTests" fullname="Demo.Tests.AssemblySmokeTests" classname="Demo.Tests.AssemblySmokeTests" runstate="Runnable" testcasecount="2" result="Passed" start-time="2026-09-11 17:39:31Z" end-time="2026-09-11 17:39:31Z" duration="0.001261" total="2" passed="2" failed="0" inconclusive="0" skipped="0" asserts="0">
            <properties />
            <test-case id="1047" name="测试程序集_已正确装配" fullname="Demo.Tests.AssemblySmokeTests.测试程序集_已正确装配" methodname="测试程序集_已正确装配" classname="Demo.Tests.AssemblySmokeTests" runstate="Runnable" seed="1342576574" result="Passed" start-time="2026-09-11 17:39:31Z" end-time="2026-09-11 17:39:31Z" duration="0.000408" asserts="0">
              <properties />
            </test-case>
            <test-case id="1048" name="编辑器程序集_可被测试程序集引用" fullname="Demo.Tests.AssemblySmokeTests.编辑器程序集_可被测试程序集引用" methodname="编辑器程序集_可被测试程序集引用" classname="Demo.Tests.AssemblySmokeTests" runstate="Runnable" seed="1172512180" result="Passed" start-time="2026-09-11 17:39:31Z" end-time="2026-09-11 17:39:31Z" duration="0.000146" asserts="0">
              <properties />
            </test-case>
          </test-suite>
          <test-suite type="TestFixture" id="1049" name="HeroAnimatorBuilderTests" fullname="Demo.Tests.HeroAnimatorBuilderTests" classname="Demo.Tests.HeroAnimatorBuilderTests" runstate="Runnable" testcasecount="7" result="Failed" site="Child" start-time="2026-09-11 17:39:31Z" end-time="2026-09-11 17:39:31Z" duration="0.344478" total="7" passed="6" failed="1" inconclusive="0" skipped="0" asserts="0">
            <properties />
            <failure>
              <message><![CDATA[One or more child tests had errors]]></message>
            </failure>
            <test-case id="1052" name="六个子状态机全部存在" fullname="Demo.Tests.HeroAnimatorBuilderTests.六个子状态机全部存在" methodname="六个子状态机全部存在" classname="Demo.Tests.HeroAnimatorBuilderTests" runstate="Runnable" seed="274028995" result="Passed" start-time="2026-09-11 17:39:31Z" end-time="2026-09-11 17:39:31Z" duration="0.001645" asserts="0">
              <properties />
            </test-case>
            <test-case id="1051" name="参数齐全且类型正确" fullname="Demo.Tests.HeroAnimatorBuilderTests.参数齐全且类型正确" methodname="参数齐全且类型正确" classname="Demo.Tests.HeroAnimatorBuilderTests" runstate="Runnable" seed="2013575201" result="Passed" start-time="2026-09-11 17:39:31Z" end-time="2026-09-11 17:39:31Z" duration="0.001956" asserts="0">
              <properties />
            </test-case>
            <test-case id="1054" name="根状态机上没有游离状态" fullname="Demo.Tests.HeroAnimatorBuilderTests.根状态机上没有游离状态" methodname="根状态机上没有游离状态" classname="Demo.Tests.HeroAnimatorBuilderTests" runstate="Runnable" seed="896598426" result="Passed" start-time="2026-09-11 17:39:31Z" end-time="2026-09-11 17:39:31Z" duration="0.000337" asserts="0">
              <properties />
            </test-case>
            <test-case id="1053" name="每个状态都被归入某个子状态机" fullname="Demo.Tests.HeroAnimatorBuilderTests.每个状态都被归入某个子状态机" methodname="每个状态都被归入某个子状态机" classname="Demo.Tests.HeroAnimatorBuilderTests" runstate="Runnable" seed="538775578" result="Failed" start-time="2026-09-11 17:39:31Z" end-time="2026-09-11 17:39:31Z" duration="0.007802" asserts="0">
              <properties />
              <failure>
                <message><![CDATA[  状态 Idle_Normal 没有被放进任何子状态机
  Expected: True
  But was:  False
]]></message>
                <stack-trace><![CDATA[at Demo.Tests.HeroAnimatorBuilderTests.每个状态都被归入某个子状态机 () [0x00072] in E:\unity\求职demo\Assets\Tests\EditMode\HeroAnimatorBuilderTests.cs:96
]]></stack-trace>
              </failure>
            </test-case>
            <test-case id="1055" name="没有重复状态名" fullname="Demo.Tests.HeroAnimatorBuilderTests.没有重复状态名" methodname="没有重复状态名" classname="Demo.Tests.HeroAnimatorBuilderTests" runstate="Runnable" seed="1118039428" result="Passed" start-time="2026-09-11 17:39:31Z" end-time="2026-09-11 17:39:31Z" duration="0.001054" asserts="0">
              <properties />
            </test-case>
            <test-case id="1056" name="状态名已修正拼写错误" fullname="Demo.Tests.HeroAnimatorBuilderTests.状态名已修正拼写错误" methodname="状态名已修正拼写错误" classname="Demo.Tests.HeroAnimatorBuilderTests" runstate="Runnable" seed="1143151956" result="Passed" start-time="2026-09-11 17:39:31Z" end-time="2026-09-11 17:39:31Z" duration="0.000267" asserts="0">
              <properties />
            </test-case>
            <test-case id="1050" name="生成了控制器资源" fullname="Demo.Tests.HeroAnimatorBuilderTests.生成了控制器资源" methodname="生成了控制器资源" classname="Demo.Tests.HeroAnimatorBuilderTests" runstate="Runnable" seed="1460362807" result="Passed" start-time="2026-09-11 17:39:31Z" end-time="2026-09-11 17:39:31Z" duration="0.000236" asserts="0">
              <properties />
            </test-case>
          </test-suite>
        </test-suite>
      </test-suite>
    </test-suite>
  </test-suite>
</test-run>