<?xml version="1.0" encoding="utf-8"?>
<test-run id="2" testcasecount="1" result="Passed" total="1" passed="1" failed="0" inconclusive="0" skipped="0" asserts="0" engine-version="3.5.0.0" clr-version="4.0.30319.42000" start-time="2026-09-11 18:25:57Z" end-time="2026-09-11 18:25:57Z" duration="0.3562278">
  <test-suite type="TestSuite" id="1000" name="求职demo" fullname="求职demo" runstate="Runnable" testcasecount="1" result="Passed" start-time="2026-09-11 18:25:57Z" end-time="2026-09-11 18:25:57Z" duration="0.356228" total="1" passed="1" failed="0" inconclusive="0" skipped="0" asserts="0">
    <properties />
    <test-suite type="Assembly" id="1003" name="Demo.Tests.PlayMode.dll" fullname="E:/unity/求职demo/Library/ScriptAssemblies/Demo.Tests.PlayMode.dll" runstate="Runnable" testcasecount="1" result="Passed" start-time="2026-09-11 18:25:57Z" end-time="2026-09-11 18:25:57Z" duration="0.350354" total="1" passed="1" failed="0" inconclusive="0" skipped="0" asserts="0">
      <properties>
        <property name="_PID" value="79156" />
        <property name="_APPDOMAIN" value="Unity Child Domain" />
        <property name="platform" value="PlayMode" />
      </properties>
      <test-suite type="TestSuite" id="1004" name="Demo" fullname="Demo" runstate="Runnable" testcasecount="1" result="Passed" start-time="2026-09-11 18:25:57Z" end-time="2026-09-11 18:25:57Z" duration="0.349915" total="1" passed="1" failed="0" inconclusive="0" skipped="0" asserts="0">
        <properties />
        <test-suite type="TestSuite" id="1005" name="Tests" fullname="Demo.Tests" runstate="Runnable" testcasecount="1" result="Passed" start-time="2026-09-11 18:25:57Z" end-time="2026-09-11 18:25:57Z" duration="0.349706" total="1" passed="1" failed="0" inconclusive="0" skipped="0" asserts="0">
          <properties />
          <test-suite type="TestFixture" id="1001" name="AnimatorEntryTests" fullname="Demo.Tests.AnimatorEntryTests" classname="Demo.Tests.AnimatorEntryTests" runstate="Runnable" testcasecount="1" result="Passed" start-time="2026-09-11 18:25:57Z" end-time="2026-09-11 18:25:57Z" duration="0.348633" total="1" passed="1" failed="0" inconclusive="0" skipped="0" asserts="0">
            <properties />
            <output><![CDATA[Importer(NativeFormatImporter) generated inconsistent result for asset(guid:c372bae72ba756c40b30bf3d6399b78e) "Assets/Animator/Hero_SwordAndShield.controller"
]]></output>
            <test-case id="1002" name="首帧停在Locomotion的混合树状态" fullname="Demo.Tests.AnimatorEntryTests.首帧停在Locomotion的混合树状态" methodname="首帧停在Locomotion的混合树状态" classname="Demo.Tests.AnimatorEntryTests" runstate="Runnable" seed="1508008101" result="Passed" start-time="2026-09-11 18:25:57Z" end-time="2026-09-11 18:25:57Z" duration="0.015553" asserts="0">
              <properties>
                <property name="_JOINTYPE" value="UnityCombinatorial" />
              </properties>
              <output><![CDATA[
IgnoreFailingMessages:true
]]></output>
            </test-case>
          </test-suite>
        </test-suite>
      </test-suite>
    </test-suite>
  </test-suite>
</test-run>